2026-04-23 00:22:40,528 INFO BEGIN (implicit)
2026-04-23 00:22:40,529 INFO PRAGMA main.table_info("sessions")
2026-04-23 00:22:40,529 INFO [raw sql] ()
2026-04-23 00:22:40,531 INFO PRAGMA main.table_info("players")
2026-04-23 00:22:40,531 INFO [raw sql] ()
2026-04-23 00:22:40,532 INFO PRAGMA main.table_info("questions")
2026-04-23 00:22:40,532 INFO [raw sql] ()
2026-04-23 00:22:40,534 INFO COMMIT
2026-04-23 00:22:42,364 INFO Got it
2026-04-23 00:22:42,366 INFO BEGIN (implicit)
2026-04-23 00:22:42,376 INFO SELECT players.id, players.session_code, players.name, players.score, players.state, players.turn 
FROM players 
WHERE players.session_code = ?
2026-04-23 00:22:42,376 INFO [generated in 0.00035s] (576190,)
2026-04-23 00:22:42,381 INFO Host connected to session 576190
2026-04-23 00:22:42,450 INFO Host disconnected from session 576190
2026-04-23 00:22:42,450 INFO ROLLBACK
2026-04-23 00:22:42,495 INFO Got it
2026-04-23 00:22:42,496 INFO BEGIN (implicit)
2026-04-23 00:22:42,497 INFO SELECT players.id, players.session_code, players.name, players.score, players.state, players.turn 
FROM players 
WHERE players.session_code = ?
2026-04-23 00:22:42,497 INFO [cached since 0.1213s ago] (949139,)
2026-04-23 00:22:42,500 INFO Host connected to session 949139
2026-04-23 00:22:42,528 INFO Got it to endpoint
2026-04-23 00:22:42,531 INFO BEGIN (implicit)
2026-04-23 00:22:42,532 INFO SELECT players.id AS players_id, players.session_code AS players_session_code, players.name AS players_name, players.score AS players_score, players.state AS players_state, players.turn AS players_turn 
FROM players 
WHERE players.id = ?
2026-04-23 00:22:42,532 INFO [generated in 0.00022s] ('cb1c6cfc2f4748d39e8ff262ebf70cd0',)
2026-04-23 00:22:42,533 INFO ROLLBACK
2026-04-23 00:22:45,295 INFO Got it to endpoint
2026-04-23 00:22:45,296 INFO BEGIN (implicit)
2026-04-23 00:22:45,297 INFO SELECT players.id AS players_id, players.session_code AS players_session_code, players.name AS players_name, players.score AS players_score, players.state AS players_state, players.turn AS players_turn 
FROM players 
WHERE players.id = ?
2026-04-23 00:22:45,297 INFO [cached since 2.765s ago] ('c29109a575e2463baaad7ec3a759ba62',)
2026-04-23 00:22:45,299 INFO ROLLBACK
2026-04-23 00:22:48,165 INFO Got it to endpoint
2026-04-23 00:22:48,166 INFO BEGIN (implicit)
2026-04-23 00:22:48,166 INFO SELECT players.id AS players_id, players.session_code AS players_session_code, players.name AS players_name, players.score AS players_score, players.state AS players_state, players.turn AS players_turn 
FROM players 
WHERE players.id = ?
2026-04-23 00:22:48,166 INFO [cached since 5.635s ago] ('cb1c6cfc2f4748d39e8ff262ebf70cd0',)
2026-04-23 00:22:48,168 INFO ROLLBACK
2026-04-23 00:22:54,160 INFO Got it to endpoint
2026-04-23 00:22:54,161 INFO BEGIN (implicit)
2026-04-23 00:22:54,161 INFO SELECT players.id AS players_id, players.session_code AS players_session_code, players.name AS players_name, players.score AS players_score, players.state AS players_state, players.turn AS players_turn 
FROM players 
WHERE players.id = ?
2026-04-23 00:22:54,161 INFO [cached since 11.63s ago] ('cb1c6cfc2f4748d39e8ff262ebf70cd0',)
2026-04-23 00:22:54,163 INFO ROLLBACK
2026-04-23 00:22:54,263 INFO afsdfhjaosif
2026-04-23 00:22:54,264 INFO BEGIN (implicit)
2026-04-23 00:22:54,265 INFO SELECT sessions.session_code, sessions.game_data, sessions.current_round, sessions.current_mode, sessions.secret 
FROM sessions 
WHERE sessions.session_code = ?
2026-04-23 00:22:54,265 INFO [generated in 0.00018s] (104137,)
2026-04-23 00:22:54,268 INFO INSERT INTO sessions (session_code, game_data, current_round, current_mode, secret) VALUES (?, ?, ?, ?, ?)
2026-04-23 00:22:54,269 INFO [generated in 0.00035s] (104137, '{"abc":"abc"}', 1, 'DEFAULT', '87eca14df01749f38190f8febc5f118e')
2026-04-23 00:22:54,303 INFO COMMIT
2026-04-23 00:22:54,313 INFO BEGIN (implicit)
2026-04-23 00:22:54,314 INFO SELECT sessions.session_code, sessions.game_data, sessions.current_round, sessions.current_mode, sessions.secret 
FROM sessions 
WHERE sessions.session_code = ?
2026-04-23 00:22:54,314 INFO [generated in 0.00034s] (104137,)
2026-04-23 00:22:54,316 INFO ROLLBACK
2026-04-23 00:22:54,365 INFO Got it
2026-04-23 00:22:54,366 INFO BEGIN (implicit)
2026-04-23 00:22:54,367 INFO SELECT players.id, players.session_code, players.name, players.score, players.state, players.turn 
FROM players 
WHERE players.session_code = ?
2026-04-23 00:22:54,367 INFO [cached since 11.99s ago] (104137,)
2026-04-23 00:22:54,373 INFO Host connected to session 104137
2026-04-23 00:23:00,169 INFO Got it to endpoint
2026-04-23 00:23:00,172 INFO BEGIN (implicit)
2026-04-23 00:23:00,173 INFO SELECT players.id AS players_id, players.session_code AS players_session_code, players.name AS players_name, players.score AS players_score, players.state AS players_state, players.turn AS players_turn 
FROM players 
WHERE players.id = ?
2026-04-23 00:23:00,173 INFO [cached since 17.64s ago] ('cb1c6cfc2f4748d39e8ff262ebf70cd0',)
2026-04-23 00:23:00,175 INFO ROLLBACK
2026-04-23 00:23:03,743 INFO BEGIN (implicit)
2026-04-23 00:23:03,743 INFO SELECT players.id, players.session_code, players.name, players.score, players.state, players.turn 
FROM players 
WHERE players.session_code = ? AND players.name = ?
2026-04-23 00:23:03,744 INFO [generated in 0.00021s] (104137, 'fadsfas')
2026-04-23 00:23:03,745 INFO SELECT sessions.session_code, sessions.game_data, sessions.current_round, sessions.current_mode, sessions.secret 
FROM sessions 
WHERE sessions.session_code = ?
2026-04-23 00:23:03,746 INFO [cached since 9.481s ago] (104137,)
2026-04-23 00:23:03,748 INFO INSERT INTO players (id, session_code, name, score, state, turn) VALUES (?, ?, ?, ?, ?, ?)
2026-04-23 00:23:03,748 INFO [generated in 0.00036s] ('67ac3a676dbd49babc941e4c57ffcd1b', 104137, 'fadsfas', 0, 'PENDING', 0)
2026-04-23 00:23:03,751 INFO COMMIT
2026-04-23 00:23:03,761 INFO BEGIN (implicit)
2026-04-23 00:23:03,762 INFO SELECT players.id, players.session_code, players.name, players.score, players.state, players.turn 
FROM players 
WHERE players.session_code = ?
2026-04-23 00:23:03,762 INFO [cached since 21.39s ago] (104137,)
2026-04-23 00:23:03,763 INFO message: [{'id': '67ac3a67-6dbd-49ba-bc94-1e4c57ffcd1b', 'session_code': 104137, 'name': 'fadsfas', 'score': 0, 'state': <PlayerState.PENDING: 'pending'>, 'turn': 0}]
2026-04-23 00:23:03,765 INFO SELECT sessions.game_data 
FROM sessions JOIN players ON sessions.session_code = players.session_code 
WHERE players.id = ?
2026-04-23 00:23:03,765 INFO [generated in 0.00021s] ('67ac3a676dbd49babc941e4c57ffcd1b',)
2026-04-23 00:23:03,767 INFO ROLLBACK
2026-04-23 00:23:03,827 INFO Got it to endpoint
2026-04-23 00:23:03,827 INFO BEGIN (implicit)
2026-04-23 00:23:03,828 INFO SELECT players.id AS players_id, players.session_code AS players_session_code, players.name AS players_name, players.score AS players_score, players.state AS players_state, players.turn AS players_turn 
FROM players 
WHERE players.id = ?
2026-04-23 00:23:03,828 INFO [cached since 21.3s ago] ('67ac3a676dbd49babc941e4c57ffcd1b',)
2026-04-23 00:23:03,830 INFO Player: 67ac3a67-6dbd-49ba-bc94-1e4c57ffcd1b connected to session 104137
2026-04-23 00:23:03,830 INFO message sent to Player: 67ac3a67-6dbd-49ba-bc94-1e4c57ffcd1b connected to session 104137
2026-04-23 00:23:06,158 INFO Got it to endpoint
2026-04-23 00:23:06,161 INFO BEGIN (implicit)
2026-04-23 00:23:06,161 INFO SELECT players.id AS players_id, players.session_code AS players_session_code, players.name AS players_name, players.score AS players_score, players.state AS players_state, players.turn AS players_turn 
FROM players 
WHERE players.id = ?
2026-04-23 00:23:06,162 INFO [cached since 23.63s ago] ('cb1c6cfc2f4748d39e8ff262ebf70cd0',)
2026-04-23 00:23:06,163 INFO ROLLBACK
2026-04-23 00:23:12,157 INFO Got it to endpoint
2026-04-23 00:23:12,157 INFO BEGIN (implicit)
2026-04-23 00:23:12,158 INFO SELECT players.id AS players_id, players.session_code AS players_session_code, players.name AS players_name, players.score AS players_score, players.state AS players_state, players.turn AS players_turn 
FROM players 
WHERE players.id = ?
2026-04-23 00:23:12,158 INFO [cached since 29.63s ago] ('cb1c6cfc2f4748d39e8ff262ebf70cd0',)
2026-04-23 00:23:12,160 INFO ROLLBACK
2026-04-23 00:23:18,173 INFO Got it to endpoint
2026-04-23 00:23:18,173 INFO BEGIN (implicit)
2026-04-23 00:23:18,173 INFO SELECT players.id AS players_id, players.session_code AS players_session_code, players.name AS players_name, players.score AS players_score, players.state AS players_state, players.turn AS players_turn 
FROM players 
WHERE players.id = ?
2026-04-23 00:23:18,174 INFO [cached since 35.64s ago] ('cb1c6cfc2f4748d39e8ff262ebf70cd0',)
2026-04-23 00:23:18,175 INFO ROLLBACK
2026-04-23 00:23:24,162 INFO Got it to endpoint
2026-04-23 00:23:24,162 INFO BEGIN (implicit)
2026-04-23 00:23:24,163 INFO SELECT players.id AS players_id, players.session_code AS players_session_code, players.name AS players_name, players.score AS players_score, players.state AS players_state, players.turn AS players_turn 
FROM players 
WHERE players.id = ?
2026-04-23 00:23:24,163 INFO [cached since 41.63s ago] ('cb1c6cfc2f4748d39e8ff262ebf70cd0',)
2026-04-23 00:23:24,164 INFO ROLLBACK
2026-04-23 00:23:30,162 INFO Got it to endpoint
2026-04-23 00:23:30,163 INFO BEGIN (implicit)
2026-04-23 00:23:30,163 INFO SELECT players.id AS players_id, players.session_code AS players_session_code, players.name AS players_name, players.score AS players_score, players.state AS players_state, players.turn AS players_turn 
FROM players 
WHERE players.id = ?
2026-04-23 00:23:30,163 INFO [cached since 47.63s ago] ('cb1c6cfc2f4748d39e8ff262ebf70cd0',)
2026-04-23 00:23:30,164 INFO ROLLBACK
2026-04-23 00:23:36,172 INFO Got it to endpoint
2026-04-23 00:23:36,173 INFO BEGIN (implicit)
2026-04-23 00:23:36,173 INFO SELECT players.id AS players_id, players.session_code AS players_session_code, players.name AS players_name, players.score AS players_score, players.state AS players_state, players.turn AS players_turn 
FROM players 
WHERE players.id = ?
2026-04-23 00:23:36,173 INFO [cached since 53.64s ago] ('cb1c6cfc2f4748d39e8ff262ebf70cd0',)
2026-04-23 00:23:36,174 INFO ROLLBACK
2026-04-23 00:23:42,160 INFO Got it to endpoint
2026-04-23 00:23:42,160 INFO BEGIN (implicit)
2026-04-23 00:23:42,160 INFO SELECT players.id AS players_id, players.session_code AS players_session_code, players.name AS players_name, players.score AS players_score, players.state AS players_state, players.turn AS players_turn 
FROM players 
WHERE players.id = ?
2026-04-23 00:23:42,160 INFO [cached since 59.63s ago] ('cb1c6cfc2f4748d39e8ff262ebf70cd0',)
2026-04-23 00:23:42,162 INFO ROLLBACK
2026-04-23 00:23:48,368 INFO Got it to endpoint
2026-04-23 00:23:48,368 INFO BEGIN (implicit)
2026-04-23 00:23:48,369 INFO SELECT players.id AS players_id, players.session_code AS players_session_code, players.name AS players_name, players.score AS players_score, players.state AS players_state, players.turn AS players_turn 
FROM players 
WHERE players.id = ?
2026-04-23 00:23:48,369 INFO [cached since 65.84s ago] ('cb1c6cfc2f4748d39e8ff262ebf70cd0',)
2026-04-23 00:23:48,370 INFO ROLLBACK
2026-04-23 00:23:54,164 INFO Got it to endpoint
2026-04-23 00:23:54,165 INFO BEGIN (implicit)
2026-04-23 00:23:54,165 INFO SELECT players.id AS players_id, players.session_code AS players_session_code, players.name AS players_name, players.score AS players_score, players.state AS players_state, players.turn AS players_turn 
FROM players 
WHERE players.id = ?
2026-04-23 00:23:54,165 INFO [cached since 71.63s ago] ('cb1c6cfc2f4748d39e8ff262ebf70cd0',)
2026-04-23 00:23:54,167 INFO ROLLBACK
2026-04-23 00:24:00,165 INFO Got it to endpoint
2026-04-23 00:24:00,165 INFO BEGIN (implicit)
2026-04-23 00:24:00,165 INFO SELECT players.id AS players_id, players.session_code AS players_session_code, players.name AS players_name, players.score AS players_score, players.state AS players_state, players.turn AS players_turn 
FROM players 
WHERE players.id = ?
2026-04-23 00:24:00,165 INFO [cached since 77.63s ago] ('cb1c6cfc2f4748d39e8ff262ebf70cd0',)
2026-04-23 00:24:00,167 INFO ROLLBACK
2026-04-23 00:24:06,172 INFO Got it to endpoint
2026-04-23 00:24:06,172 INFO BEGIN (implicit)
2026-04-23 00:24:06,172 INFO SELECT players.id AS players_id, players.session_code AS players_session_code, players.name AS players_name, players.score AS players_score, players.state AS players_state, players.turn AS players_turn 
FROM players 
WHERE players.id = ?
2026-04-23 00:24:06,172 INFO [cached since 83.64s ago] ('cb1c6cfc2f4748d39e8ff262ebf70cd0',)
2026-04-23 00:24:06,173 INFO ROLLBACK
2026-04-23 00:24:12,178 INFO Got it to endpoint
2026-04-23 00:24:12,178 INFO BEGIN (implicit)
2026-04-23 00:24:12,178 INFO SELECT players.id AS players_id, players.session_code AS players_session_code, players.name AS players_name, players.score AS players_score, players.state AS players_state, players.turn AS players_turn 
FROM players 
WHERE players.id = ?
2026-04-23 00:24:12,179 INFO [cached since 89.65s ago] ('cb1c6cfc2f4748d39e8ff262ebf70cd0',)
2026-04-23 00:24:12,180 INFO ROLLBACK
2026-04-23 00:24:18,170 INFO Got it to endpoint
2026-04-23 00:24:18,170 INFO BEGIN (implicit)
2026-04-23 00:24:18,171 INFO SELECT players.id AS players_id, players.session_code AS players_session_code, players.name AS players_name, players.score AS players_score, players.state AS players_state, players.turn AS players_turn 
FROM players 
WHERE players.id = ?
2026-04-23 00:24:18,171 INFO [cached since 95.64s ago] ('cb1c6cfc2f4748d39e8ff262ebf70cd0',)
2026-04-23 00:24:18,172 INFO ROLLBACK
2026-04-23 00:24:24,175 INFO Got it to endpoint
2026-04-23 00:24:24,176 INFO BEGIN (implicit)
2026-04-23 00:24:24,176 INFO SELECT players.id AS players_id, players.session_code AS players_session_code, players.name AS players_name, players.score AS players_score, players.state AS players_state, players.turn AS players_turn 
FROM players 
WHERE players.id = ?
2026-04-23 00:24:24,176 INFO [cached since 101.6s ago] ('cb1c6cfc2f4748d39e8ff262ebf70cd0',)
2026-04-23 00:24:24,178 INFO ROLLBACK
2026-04-23 00:24:30,207 INFO Got it to endpoint
2026-04-23 00:24:30,207 INFO BEGIN (implicit)
2026-04-23 00:24:30,207 INFO SELECT players.id AS players_id, players.session_code AS players_session_code, players.name AS players_name, players.score AS players_score, players.state AS players_state, players.turn AS players_turn 
FROM players 
WHERE players.id = ?
2026-04-23 00:24:30,207 INFO [cached since 107.7s ago] ('cb1c6cfc2f4748d39e8ff262ebf70cd0',)
2026-04-23 00:24:30,209 INFO ROLLBACK
2026-04-23 00:24:36,230 INFO Got it to endpoint
2026-04-23 00:24:36,230 INFO BEGIN (implicit)
2026-04-23 00:24:36,230 INFO SELECT players.id AS players_id, players.session_code AS players_session_code, players.name AS players_name, players.score AS players_score, players.state AS players_state, players.turn AS players_turn 
FROM players 
WHERE players.id = ?
2026-04-23 00:24:36,230 INFO [cached since 113.7s ago] ('cb1c6cfc2f4748d39e8ff262ebf70cd0',)
2026-04-23 00:24:36,231 INFO ROLLBACK
2026-04-23 00:25:45,978 INFO Host disconnected from session 949139
2026-04-23 00:25:45,978 INFO Player 67ac3a67-6dbd-49ba-bc94-1e4c57ffcd1b disconnected from session 104137
2026-04-23 00:25:45,979 INFO SELECT players.id AS players_id, players.session_code AS players_session_code, players.name AS players_name, players.score AS players_score, players.state AS players_state, players.turn AS players_turn 
FROM players 
WHERE players.id = ?
2026-04-23 00:25:45,979 INFO [cached since 183.4s ago] ('67ac3a676dbd49babc941e4c57ffcd1b',)
2026-04-23 00:25:45,980 INFO Host disconnected from session 104137
2026-04-23 00:25:45,980 INFO ROLLBACK
2026-04-23 00:25:45,980 INFO ROLLBACK
2026-04-23 00:25:45,984 INFO DELETE FROM players WHERE players.id = ?
2026-04-23 00:25:45,984 INFO [generated in 0.00026s] ('67ac3a676dbd49babc941e4c57ffcd1b',)
2026-04-23 00:25:45,986 INFO COMMIT
2026-04-23 00:25:45,996 INFO BEGIN (implicit)
2026-04-23 00:25:45,997 INFO SELECT players.id, players.session_code, players.name, players.score, players.state, players.turn 
FROM players 
WHERE players.session_code = ?
2026-04-23 00:25:45,997 INFO [cached since 183.6s ago] (104137,)
2026-04-23 00:25:45,999 INFO message: []
2026-04-23 00:25:45,999 INFO ROLLBACK
2026-04-23 00:25:50,094 INFO BEGIN (implicit)
2026-04-23 00:25:50,095 INFO PRAGMA main.table_info("sessions")
2026-04-23 00:25:50,095 INFO [raw sql] ()
2026-04-23 00:25:50,098 INFO PRAGMA main.table_info("players")
2026-04-23 00:25:50,098 INFO [raw sql] ()
2026-04-23 00:25:50,099 INFO PRAGMA main.table_info("questions")
2026-04-23 00:25:50,099 INFO [raw sql] ()
2026-04-23 00:25:50,100 INFO COMMIT
2026-04-23 00:25:51,093 INFO Got it
2026-04-23 00:25:51,094 INFO BEGIN (implicit)
2026-04-23 00:25:51,102 INFO SELECT players.id, players.session_code, players.name, players.score, players.state, players.turn 
FROM players 
WHERE players.session_code = ?
2026-04-23 00:25:51,103 INFO [generated in 0.00030s] (949139,)
2026-04-23 00:25:51,105 INFO sended to host 949139
2026-04-23 00:25:51,105 INFO Host connected to session 949139
2026-04-23 00:25:51,289 INFO Got it
2026-04-23 00:25:51,292 INFO BEGIN (implicit)
2026-04-23 00:25:51,292 INFO SELECT players.id, players.session_code, players.name, players.score, players.state, players.turn 
FROM players 
WHERE players.session_code = ?
2026-04-23 00:25:51,292 INFO [cached since 0.1903s ago] (104137,)
2026-04-23 00:25:51,294 INFO sended to host 104137
2026-04-23 00:25:51,295 INFO Host connected to session 104137
2026-04-23 00:25:53,899 INFO Host disconnected from session 104137
2026-04-23 00:25:53,900 INFO ROLLBACK
2026-04-23 00:25:59,198 INFO afsdfhjaosif
2026-04-23 00:25:59,199 INFO BEGIN (implicit)
2026-04-23 00:25:59,200 INFO SELECT sessions.session_code, sessions.game_data, sessions.current_round, sessions.current_mode, sessions.secret 
FROM sessions 
WHERE sessions.session_code = ?
2026-04-23 00:25:59,200 INFO [generated in 0.00025s] (106915,)
2026-04-23 00:25:59,203 INFO INSERT INTO sessions (session_code, game_data, current_round, current_mode, secret) VALUES (?, ?, ?, ?, ?)
2026-04-23 00:25:59,203 INFO [generated in 0.00030s] (106915, '{"abc":"abc"}', 1, 'DEFAULT', '1398a5f1db674a5b8496b1be5ceee187')
2026-04-23 00:25:59,225 INFO COMMIT
2026-04-23 00:25:59,236 INFO BEGIN (implicit)
2026-04-23 00:25:59,237 INFO SELECT sessions.session_code, sessions.game_data, sessions.current_round, sessions.current_mode, sessions.secret 
FROM sessions 
WHERE sessions.session_code = ?
2026-04-23 00:25:59,238 INFO [generated in 0.00027s] (106915,)
2026-04-23 00:25:59,241 INFO ROLLBACK
2026-04-23 00:25:59,290 INFO Got it
2026-04-23 00:25:59,290 INFO BEGIN (implicit)
2026-04-23 00:25:59,291 INFO SELECT players.id, players.session_code, players.name, players.score, players.state, players.turn 
FROM players 
WHERE players.session_code = ?
2026-04-23 00:25:59,291 INFO [cached since 8.189s ago] (106915,)
2026-04-23 00:25:59,294 INFO sended to host 106915
2026-04-23 00:25:59,294 INFO Host connected to session 106915
2026-04-23 00:26:05,564 INFO BEGIN (implicit)
2026-04-23 00:26:05,564 INFO SELECT players.id, players.session_code, players.name, players.score, players.state, players.turn 
FROM players 
WHERE players.session_code = ? AND players.name = ?
2026-04-23 00:26:05,564 INFO [generated in 0.00022s] (106915, 'dAD')
2026-04-23 00:26:05,567 INFO SELECT sessions.session_code, sessions.game_data, sessions.current_round, sessions.current_mode, sessions.secret 
FROM sessions 
WHERE sessions.session_code = ?
2026-04-23 00:26:05,568 INFO [cached since 6.368s ago] (106915,)
2026-04-23 00:26:05,571 INFO INSERT INTO players (id, session_code, name, score, state, turn) VALUES (?, ?, ?, ?, ?, ?)
2026-04-23 00:26:05,571 INFO [generated in 0.00030s] ('bb6c3371eb9545fa9a4ca82f67fed381', 106915, 'dAD', 0, 'PENDING', 0)
2026-04-23 00:26:05,574 INFO COMMIT
2026-04-23 00:26:05,584 INFO BEGIN (implicit)
2026-04-23 00:26:05,584 INFO SELECT players.id, players.session_code, players.name, players.score, players.state, players.turn 
FROM players 
WHERE players.session_code = ?
2026-04-23 00:26:05,584 INFO [cached since 14.48s ago] (106915,)
2026-04-23 00:26:05,586 INFO message: [{'id': 'bb6c3371-eb95-45fa-9a4c-a82f67fed381', 'session_code': 106915, 'name': 'dAD', 'score': 0, 'state': <PlayerState.PENDING: 'pending'>, 'turn': 0}]
2026-04-23 00:26:05,586 INFO sended to host 106915
2026-04-23 00:26:05,588 INFO SELECT sessions.game_data 
FROM sessions JOIN players ON sessions.session_code = players.session_code 
WHERE players.id = ?
2026-04-23 00:26:05,588 INFO [generated in 0.00028s] ('bb6c3371eb9545fa9a4ca82f67fed381',)
2026-04-23 00:26:05,590 INFO ROLLBACK
2026-04-23 00:26:05,656 INFO Got it to endpoint
2026-04-23 00:26:05,657 INFO BEGIN (implicit)
2026-04-23 00:26:05,658 INFO SELECT players.id AS players_id, players.session_code AS players_session_code, players.name AS players_name, players.score AS players_score, players.state AS players_state, players.turn AS players_turn 
FROM players 
WHERE players.id = ?
2026-04-23 00:26:05,658 INFO [generated in 0.00027s] ('bb6c3371eb9545fa9a4ca82f67fed381',)
2026-04-23 00:26:05,660 INFO Player: bb6c3371-eb95-45fa-9a4c-a82f67fed381 connected to session 106915
2026-04-23 00:26:05,660 INFO message sent to Player: bb6c3371-eb95-45fa-9a4c-a82f67fed381 connected to session 106915
2026-04-23 00:30:41,183 INFO Host disconnected from session 949139
2026-04-23 00:30:41,184 INFO Host disconnected from session 106915
2026-04-23 00:30:41,184 INFO Player bb6c3371-eb95-45fa-9a4c-a82f67fed381 disconnected from session 106915
2026-04-23 00:30:41,184 INFO SELECT players.id AS players_id, players.session_code AS players_session_code, players.name AS players_name, players.score AS players_score, players.state AS players_state, players.turn AS players_turn 
FROM players 
WHERE players.id = ?
2026-04-23 00:30:41,185 INFO [cached since 275.5s ago] ('bb6c3371eb9545fa9a4ca82f67fed381',)
2026-04-23 00:30:41,185 INFO ROLLBACK
2026-04-23 00:30:41,185 INFO ROLLBACK
2026-04-23 00:30:41,188 INFO DELETE FROM players WHERE players.id = ?
2026-04-23 00:30:41,188 INFO [generated in 0.00027s] ('bb6c3371eb9545fa9a4ca82f67fed381',)
2026-04-23 00:30:41,191 INFO COMMIT
2026-04-23 00:30:41,202 INFO BEGIN (implicit)
2026-04-23 00:30:41,202 INFO SELECT players.id, players.session_code, players.name, players.score, players.state, players.turn 
FROM players 
WHERE players.session_code = ?
2026-04-23 00:30:41,202 INFO [cached since 290.1s ago] (106915,)
2026-04-23 00:30:41,203 INFO message: []
2026-04-23 00:30:41,203 INFO sended to host 106915
2026-04-23 00:30:41,204 INFO ROLLBACK
2026-04-23 00:30:45,652 INFO BEGIN (implicit)
2026-04-23 00:30:45,653 INFO PRAGMA main.table_info("sessions")
2026-04-23 00:30:45,653 INFO [raw sql] ()
2026-04-23 00:30:45,655 INFO PRAGMA main.table_info("players")
2026-04-23 00:30:45,655 INFO [raw sql] ()
2026-04-23 00:30:45,656 INFO PRAGMA main.table_info("questions")
2026-04-23 00:30:45,656 INFO [raw sql] ()
2026-04-23 00:30:45,657 INFO COMMIT
2026-04-23 00:30:46,211 INFO Got it
2026-04-23 00:30:46,212 INFO BEGIN (implicit)
2026-04-23 00:30:46,221 INFO SELECT players.id, players.session_code, players.name, players.score, players.state, players.turn 
FROM players 
WHERE players.session_code = ?
2026-04-23 00:30:46,221 INFO [generated in 0.00027s] (106915,)
2026-04-23 00:30:46,225 INFO sended to host 106915
2026-04-23 00:30:46,226 INFO Host connected to session 106915
2026-04-23 00:30:46,262 INFO Got it
2026-04-23 00:30:46,265 INFO BEGIN (implicit)
2026-04-23 00:30:46,266 INFO SELECT players.id, players.session_code, players.name, players.score, players.state, players.turn 
FROM players 
WHERE players.session_code = ?
2026-04-23 00:30:46,266 INFO [cached since 0.04484s ago] (949139,)
2026-04-23 00:30:46,268 INFO sended to host 949139
2026-04-23 00:30:46,269 INFO Host connected to session 949139
2026-04-23 00:30:46,289 INFO Got it to endpoint
2026-04-23 00:30:46,291 INFO BEGIN (implicit)
2026-04-23 00:30:46,293 INFO SELECT players.id AS players_id, players.session_code AS players_session_code, players.name AS players_name, players.score AS players_score, players.state AS players_state, players.turn AS players_turn 
FROM players 
WHERE players.id = ?
2026-04-23 00:30:46,293 INFO [generated in 0.00036s] ('bb6c3371eb9545fa9a4ca82f67fed381',)
2026-04-23 00:30:46,295 INFO ROLLBACK
2026-04-23 00:30:47,301 INFO Host disconnected from session 106915
2026-04-23 00:30:47,302 INFO ROLLBACK
2026-04-23 00:30:56,629 INFO afsdfhjaosif
2026-04-23 00:30:56,630 INFO BEGIN (implicit)
2026-04-23 00:30:56,631 INFO SELECT sessions.session_code, sessions.game_data, sessions.current_round, sessions.current_mode, sessions.secret 
FROM sessions 
WHERE sessions.session_code = ?
2026-04-23 00:30:56,631 INFO [generated in 0.00036s] (386905,)
2026-04-23 00:30:56,636 INFO INSERT INTO sessions (session_code, game_data, current_round, current_mode, secret) VALUES (?, ?, ?, ?, ?)
2026-04-23 00:30:56,636 INFO [generated in 0.00041s] (386905, '{"abc":"abc"}', 1, 'DEFAULT', '646d26aa31d84b6da64e7facb8c0c483')
2026-04-23 00:30:56,640 INFO COMMIT
2026-04-23 00:30:56,656 INFO BEGIN (implicit)
2026-04-23 00:30:56,658 INFO SELECT sessions.session_code, sessions.game_data, sessions.current_round, sessions.current_mode, sessions.secret 
FROM sessions 
WHERE sessions.session_code = ?
2026-04-23 00:30:56,658 INFO [generated in 0.00022s] (386905,)
2026-04-23 00:30:56,660 INFO ROLLBACK
2026-04-23 00:30:56,704 INFO Got it
2026-04-23 00:30:56,704 INFO BEGIN (implicit)
2026-04-23 00:30:56,705 INFO SELECT players.id, players.session_code, players.name, players.score, players.state, players.turn 
FROM players 
WHERE players.session_code = ?
2026-04-23 00:30:56,705 INFO [cached since 10.48s ago] (386905,)
2026-04-23 00:30:56,707 INFO sended to host 386905
2026-04-23 00:30:56,708 INFO Host connected to session 386905
2026-04-23 00:31:02,647 INFO BEGIN (implicit)
2026-04-23 00:31:02,648 INFO SELECT players.id, players.session_code, players.name, players.score, players.state, players.turn 
FROM players 
WHERE players.session_code = ? AND players.name = ?
2026-04-23 00:31:02,648 INFO [generated in 0.00032s] (386905, 'ââŕ')
2026-04-23 00:31:02,651 INFO SELECT sessions.session_code, sessions.game_data, sessions.current_round, sessions.current_mode, sessions.secret 
FROM sessions 
WHERE sessions.session_code = ?
2026-04-23 00:31:02,652 INFO [cached since 6.021s ago] (386905,)
2026-04-23 00:31:02,654 INFO INSERT INTO players (id, session_code, name, score, state, turn) VALUES (?, ?, ?, ?, ?, ?)
2026-04-23 00:31:02,654 INFO [generated in 0.00029s] ('85104443744d423dbc7d8b6e025fd5cd', 386905, 'ââŕ', 0, 'PENDING', 0)
2026-04-23 00:31:02,707 INFO COMMIT
2026-04-23 00:31:02,721 INFO BEGIN (implicit)
2026-04-23 00:31:02,722 INFO SELECT players.id, players.session_code, players.name, players.score, players.state, players.turn 
FROM players 
WHERE players.id = ?
2026-04-23 00:31:02,722 INFO [generated in 0.00021s] ('85104443744d423dbc7d8b6e025fd5cd',)
2026-04-23 00:31:02,724 INFO SELECT players.id, players.session_code, players.name, players.score, players.state, players.turn 
FROM players 
WHERE players.session_code = ?
2026-04-23 00:31:02,724 INFO [cached since 16.5s ago] (386905,)
2026-04-23 00:31:02,726 INFO message: [{'id': '85104443-744d-423d-bc7d-8b6e025fd5cd', 'session_code': 386905, 'name': 'ââŕ', 'score': 0, 'state': <PlayerState.PENDING: 'pending'>, 'turn': 0}]
2026-04-23 00:31:02,726 INFO sended to host 386905
2026-04-23 00:31:02,727 INFO SELECT sessions.game_data 
FROM sessions JOIN players ON sessions.session_code = players.session_code 
WHERE players.id = ?
2026-04-23 00:31:02,727 INFO [generated in 0.00031s] ('85104443744d423dbc7d8b6e025fd5cd',)
2026-04-23 00:31:02,730 INFO ROLLBACK
2026-04-23 00:31:02,794 INFO Got it to endpoint
2026-04-23 00:31:02,794 INFO BEGIN (implicit)
2026-04-23 00:31:02,795 INFO SELECT players.id AS players_id, players.session_code AS players_session_code, players.name AS players_name, players.score AS players_score, players.state AS players_state, players.turn AS players_turn 
FROM players 
WHERE players.id = ?
2026-04-23 00:31:02,795 INFO [cached since 16.5s ago] ('85104443744d423dbc7d8b6e025fd5cd',)
2026-04-23 00:31:02,797 INFO Player: 85104443-744d-423d-bc7d-8b6e025fd5cd connected to session 386905
2026-04-23 00:31:02,797 INFO message sent to Player: 85104443-744d-423d-bc7d-8b6e025fd5cd connected to session 386905
2026-04-23 00:35:18,278 INFO Host disconnected from session 949139
2026-04-23 00:35:18,278 INFO Host disconnected from session 386905
2026-04-23 00:35:18,278 INFO Player 85104443-744d-423d-bc7d-8b6e025fd5cd disconnected from session 386905
2026-04-23 00:35:18,279 INFO SELECT players.id AS players_id, players.session_code AS players_session_code, players.name AS players_name, players.score AS players_score, players.state AS players_state, players.turn AS players_turn 
FROM players 
WHERE players.id = ?
2026-04-23 00:35:18,279 INFO [cached since 272s ago] ('85104443744d423dbc7d8b6e025fd5cd',)
2026-04-23 00:35:18,279 INFO ROLLBACK
2026-04-23 00:35:18,279 INFO ROLLBACK
2026-04-23 00:35:18,282 INFO DELETE FROM players WHERE players.id = ?
2026-04-23 00:35:18,283 INFO [generated in 0.00026s] ('85104443744d423dbc7d8b6e025fd5cd',)
2026-04-23 00:35:18,285 INFO COMMIT
2026-04-23 00:35:18,296 INFO BEGIN (implicit)
2026-04-23 00:35:18,297 INFO SELECT players.id, players.session_code, players.name, players.score, players.state, players.turn 
FROM players 
WHERE players.session_code = ?
2026-04-23 00:35:18,297 INFO [cached since 272.1s ago] (386905,)
2026-04-23 00:35:18,298 INFO message: []
2026-04-23 00:35:18,298 INFO sended to host 386905
2026-04-23 00:35:18,299 INFO ROLLBACK
2026-04-23 00:35:19,724 INFO BEGIN (implicit)
2026-04-23 00:35:19,725 INFO PRAGMA main.table_info("sessions")
2026-04-23 00:35:19,725 INFO [raw sql] ()
2026-04-23 00:35:19,727 INFO PRAGMA main.table_info("players")
2026-04-23 00:35:19,727 INFO [raw sql] ()
2026-04-23 00:35:19,728 INFO PRAGMA main.table_info("questions")
2026-04-23 00:35:19,728 INFO [raw sql] ()
2026-04-23 00:35:19,729 INFO COMMIT
2026-04-23 00:35:27,343 INFO BEGIN (implicit)
2026-04-23 00:35:27,344 INFO PRAGMA main.table_info("sessions")
2026-04-23 00:35:27,344 INFO [raw sql] ()
2026-04-23 00:35:27,346 INFO PRAGMA main.table_info("players")
2026-04-23 00:35:27,346 INFO [raw sql] ()
2026-04-23 00:35:27,347 INFO PRAGMA main.table_info("questions")
2026-04-23 00:35:27,347 INFO [raw sql] ()
2026-04-23 00:35:27,349 INFO COMMIT
2026-04-23 00:35:27,368 INFO Got it to endpoint
2026-04-23 00:35:27,369 INFO BEGIN (implicit)
2026-04-23 00:35:27,378 INFO SELECT players.id AS players_id, players.session_code AS players_session_code, players.name AS players_name, players.score AS players_score, players.state AS players_state, players.turn AS players_turn 
FROM players 
WHERE players.id = ?
2026-04-23 00:35:27,378 INFO [generated in 0.00028s] ('85104443744d423dbc7d8b6e025fd5cd',)
2026-04-23 00:35:27,380 INFO ROLLBACK
2026-04-23 00:35:27,411 INFO Got it
2026-04-23 00:35:27,413 INFO BEGIN (implicit)
2026-04-23 00:35:27,414 INFO SELECT players.id, players.session_code, players.name, players.score, players.state, players.turn 
FROM players 
WHERE players.session_code = ?
2026-04-23 00:35:27,415 INFO [generated in 0.00031s] (949139,)
2026-04-23 00:35:27,417 INFO sended to host 949139
2026-04-23 00:35:27,418 INFO Host connected to session 949139
2026-04-23 00:35:32,654 INFO Got it to endpoint
2026-04-23 00:35:32,657 INFO BEGIN (implicit)
2026-04-23 00:35:32,657 INFO SELECT players.id AS players_id, players.session_code AS players_session_code, players.name AS players_name, players.score AS players_score, players.state AS players_state, players.turn AS players_turn 
FROM players 
WHERE players.id = ?
2026-04-23 00:35:32,657 INFO [cached since 5.28s ago] ('85104443744d423dbc7d8b6e025fd5cd',)
2026-04-23 00:35:32,660 INFO ROLLBACK
2026-04-23 00:35:40,095 INFO afsdfhjaosif
2026-04-23 00:35:40,096 INFO BEGIN (implicit)
2026-04-23 00:35:40,097 INFO SELECT sessions.session_code, sessions.game_data, sessions.current_round, sessions.current_mode, sessions.secret 
FROM sessions 
WHERE sessions.session_code = ?
2026-04-23 00:35:40,097 INFO [generated in 0.00029s] (960392,)
2026-04-23 00:35:40,103 INFO INSERT INTO sessions (session_code, game_data, current_round, current_mode, secret) VALUES (?, ?, ?, ?, ?)
2026-04-23 00:35:40,103 INFO [generated in 0.00053s] (960392, '{"abc":"abc"}', 1, 'DEFAULT', '916092f60fb443fc9170a45b2ee96aa1')
2026-04-23 00:35:40,106 INFO COMMIT
2026-04-23 00:35:40,116 INFO BEGIN (implicit)
2026-04-23 00:35:40,117 INFO SELECT sessions.session_code, sessions.game_data, sessions.current_round, sessions.current_mode, sessions.secret 
FROM sessions 
WHERE sessions.session_code = ?
2026-04-23 00:35:40,118 INFO [generated in 0.00027s] (960392,)
2026-04-23 00:35:40,120 INFO ROLLBACK
2026-04-23 00:35:40,165 INFO Got it
2026-04-23 00:35:40,166 INFO BEGIN (implicit)
2026-04-23 00:35:40,167 INFO SELECT players.id, players.session_code, players.name, players.score, players.state, players.turn 
FROM players 
WHERE players.session_code = ?
2026-04-23 00:35:40,167 INFO [cached since 12.75s ago] (960392,)
2026-04-23 00:35:40,170 INFO sended to host 960392
2026-04-23 00:35:40,170 INFO Host connected to session 960392
2026-04-23 00:35:45,639 INFO BEGIN (implicit)
2026-04-23 00:35:45,640 INFO SELECT players.id, players.session_code, players.name, players.score, players.state, players.turn 
FROM players 
WHERE players.session_code = ? AND players.name = ?
2026-04-23 00:35:45,640 INFO [generated in 0.00021s] (960392, 'ŕôââŕ')
2026-04-23 00:35:45,643 INFO SELECT sessions.session_code, sessions.game_data, sessions.current_round, sessions.current_mode, sessions.secret 
FROM sessions 
WHERE sessions.session_code = ?
2026-04-23 00:35:45,643 INFO [cached since 5.546s ago] (960392,)
2026-04-23 00:35:45,645 INFO INSERT INTO players (id, session_code, name, score, state, turn) VALUES (?, ?, ?, ?, ?, ?)
2026-04-23 00:35:45,645 INFO [generated in 0.00032s] ('4d02d38a0e9a4b10a82349e9c6c7c407', 960392, 'ŕôââŕ', 0, 'PENDING', 0)
2026-04-23 00:35:45,675 INFO COMMIT
2026-04-23 00:35:45,686 INFO BEGIN (implicit)
2026-04-23 00:35:45,687 INFO SELECT players.id, players.session_code, players.name, players.score, players.state, players.turn 
FROM players 
WHERE players.id = ?
2026-04-23 00:35:45,687 INFO [generated in 0.00024s] ('4d02d38a0e9a4b10a82349e9c6c7c407',)
2026-04-23 00:35:45,689 INFO SELECT players.id, players.session_code, players.name, players.score, players.state, players.turn 
FROM players 
WHERE players.session_code = ?
2026-04-23 00:35:45,689 INFO [cached since 18.27s ago] (960392,)
2026-04-23 00:35:45,691 INFO message: [{'id': '4d02d38a-0e9a-4b10-a823-49e9c6c7c407', 'session_code': 960392, 'name': 'ŕôââŕ', 'score': 0, 'state': 'pending', 'turn': 0}]
2026-04-23 00:35:45,691 INFO sended to host 960392
2026-04-23 00:35:45,692 INFO SELECT sessions.game_data 
FROM sessions JOIN players ON sessions.session_code = players.session_code 
WHERE players.id = ?
2026-04-23 00:35:45,692 INFO [generated in 0.00023s] ('4d02d38a0e9a4b10a82349e9c6c7c407',)
2026-04-23 00:35:45,694 INFO ROLLBACK
2026-04-23 00:35:45,755 INFO Got it to endpoint
2026-04-23 00:35:45,756 INFO BEGIN (implicit)
2026-04-23 00:35:45,756 INFO SELECT players.id AS players_id, players.session_code AS players_session_code, players.name AS players_name, players.score AS players_score, players.state AS players_state, players.turn AS players_turn 
FROM players 
WHERE players.id = ?
2026-04-23 00:35:45,756 INFO [cached since 18.38s ago] ('4d02d38a0e9a4b10a82349e9c6c7c407',)
2026-04-23 00:35:45,758 INFO Player: 4d02d38a-0e9a-4b10-a823-49e9c6c7c407 connected to session 960392
2026-04-23 00:35:45,758 INFO message sent to Player: 4d02d38a-0e9a-4b10-a823-49e9c6c7c407 connected to session 960392
2026-04-23 00:39:02,149 INFO Host disconnected from session 949139
2026-04-23 00:39:02,150 INFO ROLLBACK
2026-04-23 00:39:22,203 INFO afsdfhjaosif
2026-04-23 00:39:22,204 INFO BEGIN (implicit)
2026-04-23 00:39:22,204 INFO SELECT sessions.session_code, sessions.game_data, sessions.current_round, sessions.current_mode, sessions.secret 
FROM sessions 
WHERE sessions.session_code = ?
2026-04-23 00:39:22,205 INFO [cached since 222.1s ago] (897724,)
2026-04-23 00:39:22,207 INFO INSERT INTO sessions (session_code, game_data, current_round, current_mode, secret) VALUES (?, ?, ?, ?, ?)
2026-04-23 00:39:22,207 INFO [cached since 222.1s ago] (897724, '{"name":"A Nice game title","round1":{"questions":[{"question":"Ńęîëüęî áóäĺň 2 + 2?","answers":["67","4","228","337"],"correctIdx":1},{"question":"Ńęîëüęî áóäĺň 2 + 3?","answers":["67","brrr","5","337"],"correctIdx":2}]}}', 1, 'DEFAULT', '72286dc58a6545028eee6ae085f4479b')
2026-04-23 00:39:22,210 INFO COMMIT
2026-04-23 00:39:22,219 INFO BEGIN (implicit)
2026-04-23 00:39:22,220 INFO SELECT sessions.session_code, sessions.game_data, sessions.current_round, sessions.current_mode, sessions.secret 
FROM sessions 
WHERE sessions.session_code = ?
2026-04-23 00:39:22,220 INFO [cached since 222.1s ago] (897724,)
2026-04-23 00:39:22,222 INFO ROLLBACK
2026-04-23 00:39:22,311 INFO Got it
2026-04-23 00:39:22,312 INFO BEGIN (implicit)
2026-04-23 00:39:22,312 INFO SELECT players.id, players.session_code, players.name, players.score, players.state, players.turn 
FROM players 
WHERE players.session_code = ?
2026-04-23 00:39:22,312 INFO [cached since 234.9s ago] (897724,)
2026-04-23 00:39:22,314 INFO sended to host 897724
2026-04-23 00:39:22,314 INFO Host connected to session 897724
2026-04-23 00:39:50,102 INFO BEGIN (implicit)
2026-04-23 00:39:50,103 INFO SELECT players.id, players.session_code, players.name, players.score, players.state, players.turn 
FROM players 
WHERE players.session_code = ? AND players.name = ?
2026-04-23 00:39:50,103 INFO [cached since 244.5s ago] (897724, 'dsvvrerv')
2026-04-23 00:39:50,105 INFO SELECT sessions.session_code, sessions.game_data, sessions.current_round, sessions.current_mode, sessions.secret 
FROM sessions 
WHERE sessions.session_code = ?
2026-04-23 00:39:50,105 INFO [cached since 250s ago] (897724,)
2026-04-23 00:39:50,106 INFO INSERT INTO players (id, session_code, name, score, state, turn) VALUES (?, ?, ?, ?, ?, ?)
2026-04-23 00:39:50,106 INFO [cached since 244.5s ago] ('31d2075f000544328d745c5d99e4562c', 897724, 'dsvvrerv', 0, 'PENDING', 0)
2026-04-23 00:39:50,156 INFO COMMIT
2026-04-23 00:39:50,169 INFO BEGIN (implicit)
2026-04-23 00:39:50,169 INFO SELECT players.id, players.session_code, players.name, players.score, players.state, players.turn 
FROM players 
WHERE players.id = ?
2026-04-23 00:39:50,169 INFO [cached since 244.5s ago] ('31d2075f000544328d745c5d99e4562c',)
2026-04-23 00:39:50,171 INFO SELECT players.id, players.session_code, players.name, players.score, players.state, players.turn 
FROM players 
WHERE players.session_code = ?
2026-04-23 00:39:50,171 INFO [cached since 262.8s ago] (897724,)
2026-04-23 00:39:50,172 INFO message: [{'id': '31d2075f-0005-4432-8d74-5c5d99e4562c', 'session_code': 897724, 'name': 'dsvvrerv', 'score': 0, 'state': 'pending', 'turn': 0}]
2026-04-23 00:39:50,172 INFO sended to host 897724
2026-04-23 00:39:50,173 INFO SELECT sessions.game_data 
FROM sessions JOIN players ON sessions.session_code = players.session_code 
WHERE players.id = ?
2026-04-23 00:39:50,173 INFO [cached since 244.5s ago] ('31d2075f000544328d745c5d99e4562c',)
2026-04-23 00:39:50,174 INFO ROLLBACK
2026-04-23 00:39:50,276 INFO Got it to endpoint
2026-04-23 00:39:50,276 INFO BEGIN (implicit)
2026-04-23 00:39:50,276 INFO SELECT players.id AS players_id, players.session_code AS players_session_code, players.name AS players_name, players.score AS players_score, players.state AS players_state, players.turn AS players_turn 
FROM players 
WHERE players.id = ?
2026-04-23 00:39:50,276 INFO [cached since 262.9s ago] ('31d2075f000544328d745c5d99e4562c',)
2026-04-23 00:39:50,279 INFO Player: 31d2075f-0005-4432-8d74-5c5d99e4562c connected to session 897724
2026-04-23 00:39:50,279 INFO message sent to Player: 31d2075f-0005-4432-8d74-5c5d99e4562c connected to session 897724
2026-04-23 00:42:01,636 INFO Host disconnected from session 897724
2026-04-23 00:42:01,637 INFO ROLLBACK
2026-04-23 00:42:09,531 INFO Player 31d2075f-0005-4432-8d74-5c5d99e4562c disconnected from session 897724
2026-04-23 00:42:09,531 INFO SELECT players.id AS players_id, players.session_code AS players_session_code, players.name AS players_name, players.score AS players_score, players.state AS players_state, players.turn AS players_turn 
FROM players 
WHERE players.id = ?
2026-04-23 00:42:09,531 INFO [cached since 402.2s ago] ('31d2075f000544328d745c5d99e4562c',)
2026-04-23 00:42:09,534 INFO DELETE FROM players WHERE players.id = ?
2026-04-23 00:42:09,534 INFO [generated in 0.00024s] ('31d2075f000544328d745c5d99e4562c',)
2026-04-23 00:42:09,557 INFO COMMIT
2026-04-23 00:42:09,581 INFO BEGIN (implicit)
2026-04-23 00:42:09,581 INFO SELECT players.id, players.session_code, players.name, players.score, players.state, players.turn 
FROM players 
WHERE players.session_code = ?
2026-04-23 00:42:09,581 INFO [cached since 402.2s ago] (897724,)
2026-04-23 00:42:09,583 INFO message: []
2026-04-23 00:42:09,583 INFO sended to host 897724
2026-04-23 00:42:09,584 ERROR send_to_host error: Unexpected ASGI message 'websocket.send', after sending 'websocket.close' or response already completed.
2026-04-23 00:42:09,584 INFO ROLLBACK
2026-04-23 00:42:54,808 INFO Host disconnected from session 960392
2026-04-23 00:42:54,808 INFO ROLLBACK
2026-04-23 00:44:18,816 INFO Player 4d02d38a-0e9a-4b10-a823-49e9c6c7c407 disconnected from session 960392
2026-04-23 00:44:18,816 INFO SELECT players.id AS players_id, players.session_code AS players_session_code, players.name AS players_name, players.score AS players_score, players.state AS players_state, players.turn AS players_turn 
FROM players 
WHERE players.id = ?
2026-04-23 00:44:18,817 INFO [cached since 531.4s ago] ('4d02d38a0e9a4b10a82349e9c6c7c407',)
2026-04-23 00:44:18,819 INFO DELETE FROM players WHERE players.id = ?
2026-04-23 00:44:18,819 INFO [cached since 129.3s ago] ('4d02d38a0e9a4b10a82349e9c6c7c407',)
2026-04-23 00:44:18,820 INFO COMMIT
2026-04-23 00:44:18,830 INFO BEGIN (implicit)
2026-04-23 00:44:18,831 INFO SELECT players.id, players.session_code, players.name, players.score, players.state, players.turn 
FROM players 
WHERE players.session_code = ?
2026-04-23 00:44:18,831 INFO [cached since 531.4s ago] (960392,)
2026-04-23 00:44:18,832 INFO message: []
2026-04-23 00:44:18,832 INFO sended to host 960392
2026-04-23 00:44:18,832 ERROR send_to_host error: Unexpected ASGI message 'websocket.send', after sending 'websocket.close' or response already completed.
2026-04-23 00:44:18,832 INFO ROLLBACK
